2020-03-30 16:57:03,693 INFO Training... dropout = 0.3 , batch_size = 128 , learning rate = 0.0005
2020-03-30 16:57:30,986 INFO EPOCH 1 - 28 sec ...
2020-03-30 16:57:30,987 INFO Training error = 0.361 Validation error = 0.399
2020-03-30 16:57:56,669 INFO EPOCH 2 - 54 sec ...
2020-03-30 16:57:56,670 INFO Training error = 0.244 Validation error = 0.265
2020-03-30 16:58:22,381 INFO EPOCH 3 - 80 sec ...
2020-03-30 16:58:22,382 INFO Training error = 0.180 Validation error = 0.203
2020-03-30 16:58:48,146 INFO EPOCH 4 - 106 sec ...
2020-03-30 16:58:48,147 INFO Training error = 0.152 Validation error = 0.163
2020-03-30 16:59:13,977 INFO EPOCH 5 - 131 sec ...
2020-03-30 16:59:13,978 INFO Training error = 0.123 Validation error = 0.143
2020-03-30 16:59:39,996 INFO EPOCH 6 - 157 sec ...
2020-03-30 16:59:39,997 INFO Training error = 0.109 Validation error = 0.116
2020-03-30 17:00:05,328 INFO EPOCH 7 - 183 sec ...
2020-03-30 17:00:05,329 INFO Training error = 0.097 Validation error = 0.097
2020-03-30 17:00:30,935 INFO EPOCH 8 - 208 sec ...
2020-03-30 17:00:30,935 INFO Training error = 0.092 Validation error = 0.094
2020-03-30 17:00:56,532 INFO EPOCH 9 - 234 sec ...
2020-03-30 17:00:56,533 INFO Training error = 0.081 Validation error = 0.094
2020-03-30 17:01:21,280 INFO EPOCH 10 - 259 sec ...
2020-03-30 17:01:21,280 INFO Training error = 0.078 Validation error = 0.085
2020-03-30 17:01:46,872 INFO EPOCH 11 - 284 sec ...
2020-03-30 17:01:46,873 INFO Training error = 0.072 Validation error = 0.078
2020-03-30 17:02:11,359 INFO EPOCH 12 - 309 sec ...
2020-03-30 17:02:11,359 INFO Training error = 0.069 Validation error = 0.080
2020-03-30 17:02:35,686 INFO EPOCH 13 - 333 sec ...
2020-03-30 17:02:35,686 INFO Training error = 0.072 Validation error = 0.088
2020-03-30 17:03:00,460 INFO EPOCH 14 - 358 sec ...
2020-03-30 17:03:00,461 INFO Training error = 0.065 Validation error = 0.075
2020-03-30 17:03:25,425 INFO EPOCH 15 - 383 sec ...
2020-03-30 17:03:25,425 INFO Training error = 0.065 Validation error = 0.066
2020-03-30 17:03:50,743 INFO EPOCH 16 - 408 sec ...
2020-03-30 17:03:50,744 INFO Training error = 0.062 Validation error = 0.073
2020-03-30 17:04:15,957 INFO EPOCH 17 - 433 sec ...
2020-03-30 17:04:15,957 INFO Training error = 0.067 Validation error = 0.092
2020-03-30 17:04:40,982 INFO EPOCH 18 - 458 sec ...
2020-03-30 17:04:40,982 INFO Training error = 0.061 Validation error = 0.081
2020-03-30 17:05:05,345 INFO EPOCH 19 - 483 sec ...
2020-03-30 17:05:05,346 INFO Training error = 0.055 Validation error = 0.071
2020-03-30 17:05:30,092 INFO EPOCH 20 - 507 sec ...
2020-03-30 17:05:30,093 INFO Training error = 0.053 Validation error = 0.063
2020-03-30 17:05:54,478 INFO EPOCH 21 - 532 sec ...
2020-03-30 17:05:54,478 INFO Training error = 0.053 Validation error = 0.060
2020-03-30 17:06:18,929 INFO EPOCH 22 - 556 sec ...
2020-03-30 17:06:18,930 INFO Training error = 0.052 Validation error = 0.059
2020-03-30 17:06:43,458 INFO EPOCH 23 - 581 sec ...
2020-03-30 17:06:43,458 INFO Training error = 0.052 Validation error = 0.061
2020-03-30 17:07:09,138 INFO EPOCH 24 - 607 sec ...
2020-03-30 17:07:09,139 INFO Training error = 0.052 Validation error = 0.067
2020-03-30 17:07:33,749 INFO EPOCH 25 - 631 sec ...
2020-03-30 17:07:33,750 INFO Training error = 0.049 Validation error = 0.063
2020-03-30 17:07:58,380 INFO EPOCH 26 - 656 sec ...
2020-03-30 17:07:58,381 INFO Training error = 0.052 Validation error = 0.059
2020-03-30 17:08:22,921 INFO EPOCH 27 - 680 sec ...
2020-03-30 17:08:22,922 INFO Training error = 0.051 Validation error = 0.055
2020-03-30 17:08:47,362 INFO EPOCH 28 - 705 sec ...
2020-03-30 17:08:47,363 INFO Training error = 0.050 Validation error = 0.069
2020-03-30 17:09:12,068 INFO EPOCH 29 - 729 sec ...
2020-03-30 17:09:12,069 INFO Training error = 0.049 Validation error = 0.057
2020-03-30 17:09:36,645 INFO EPOCH 30 - 754 sec ...
2020-03-30 17:09:36,646 INFO Training error = 0.050 Validation error = 0.066
2020-03-30 17:10:01,815 INFO EPOCH 31 - 779 sec ...
2020-03-30 17:10:01,816 INFO Training error = 0.047 Validation error = 0.054
2020-03-30 17:10:26,472 INFO EPOCH 32 - 804 sec ...
2020-03-30 17:10:26,473 INFO Training error = 0.046 Validation error = 0.052
2020-03-30 17:10:51,050 INFO EPOCH 33 - 828 sec ...
2020-03-30 17:10:51,051 INFO Training error = 0.047 Validation error = 0.057
2020-03-30 17:11:15,789 INFO EPOCH 34 - 853 sec ...
2020-03-30 17:11:15,790 INFO Training error = 0.049 Validation error = 0.052
2020-03-30 17:11:40,580 INFO EPOCH 35 - 878 sec ...
2020-03-30 17:11:40,581 INFO Training error = 0.049 Validation error = 0.061
2020-03-30 17:12:06,223 INFO EPOCH 36 - 904 sec ...
2020-03-30 17:12:06,224 INFO Training error = 0.046 Validation error = 0.056
2020-03-30 17:12:30,740 INFO EPOCH 37 - 928 sec ...
2020-03-30 17:12:30,740 INFO Training error = 0.053 Validation error = 0.059
2020-03-30 17:12:55,307 INFO EPOCH 38 - 953 sec ...
2020-03-30 17:12:55,308 INFO Training error = 0.047 Validation error = 0.054
2020-03-30 17:13:19,660 INFO EPOCH 39 - 977 sec ...
2020-03-30 17:13:19,661 INFO Training error = 0.044 Validation error = 0.051
2020-03-30 17:13:44,795 INFO EPOCH 40 - 1002 sec ...
2020-03-30 17:13:44,795 INFO Training error = 0.045 Validation error = 0.050
2020-03-30 17:14:09,882 INFO EPOCH 41 - 1027 sec ...
2020-03-30 17:14:09,883 INFO Training error = 0.047 Validation error = 0.049
2020-03-30 17:14:34,735 INFO EPOCH 42 - 1052 sec ...
2020-03-30 17:14:34,735 INFO Training error = 0.045 Validation error = 0.051
2020-03-30 17:14:59,906 INFO EPOCH 43 - 1077 sec ...
2020-03-30 17:14:59,907 INFO Training error = 0.048 Validation error = 0.059
2020-03-30 17:15:24,735 INFO EPOCH 44 - 1102 sec ...
2020-03-30 17:15:24,736 INFO Training error = 0.042 Validation error = 0.048
2020-03-30 17:15:49,193 INFO EPOCH 45 - 1127 sec ...
2020-03-30 17:15:49,194 INFO Training error = 0.042 Validation error = 0.043
2020-03-30 17:16:13,695 INFO EPOCH 46 - 1151 sec ...
2020-03-30 17:16:13,695 INFO Training error = 0.044 Validation error = 0.046
2020-03-30 17:16:38,301 INFO EPOCH 47 - 1176 sec ...
2020-03-30 17:16:38,301 INFO Training error = 0.043 Validation error = 0.052
2020-03-30 17:17:03,007 INFO EPOCH 48 - 1200 sec ...
2020-03-30 17:17:03,007 INFO Training error = 0.042 Validation error = 0.052
2020-03-30 17:17:28,648 INFO EPOCH 49 - 1226 sec ...
2020-03-30 17:17:28,649 INFO Training error = 0.045 Validation error = 0.056
2020-03-30 17:17:54,234 INFO EPOCH 50 - 1252 sec ...
2020-03-30 17:17:54,235 INFO Training error = 0.042 Validation error = 0.050
2020-03-30 17:18:19,721 INFO EPOCH 51 - 1277 sec ...
2020-03-30 17:18:19,721 INFO Training error = 0.040 Validation error = 0.049
2020-03-30 17:18:44,970 INFO EPOCH 52 - 1302 sec ...
2020-03-30 17:18:44,970 INFO Training error = 0.046 Validation error = 0.061
2020-03-30 17:19:10,272 INFO EPOCH 53 - 1328 sec ...
2020-03-30 17:19:10,273 INFO Training error = 0.040 Validation error = 0.049
2020-03-30 17:19:35,093 INFO EPOCH 54 - 1352 sec ...
2020-03-30 17:19:35,093 INFO Training error = 0.041 Validation error = 0.043
2020-03-30 17:19:59,753 INFO EPOCH 55 - 1377 sec ...
2020-03-30 17:19:59,753 INFO Training error = 0.042 Validation error = 0.048
2020-03-30 17:20:24,874 INFO EPOCH 56 - 1402 sec ...
2020-03-30 17:20:24,874 INFO Training error = 0.042 Validation error = 0.051
2020-03-30 17:20:49,599 INFO EPOCH 57 - 1427 sec ...
2020-03-30 17:20:49,599 INFO Training error = 0.043 Validation error = 0.054
2020-03-30 17:21:14,325 INFO EPOCH 58 - 1452 sec ...
2020-03-30 17:21:14,326 INFO Training error = 0.040 Validation error = 0.051
2020-03-30 17:21:39,041 INFO EPOCH 59 - 1476 sec ...
2020-03-30 17:21:39,042 INFO Training error = 0.039 Validation error = 0.045
2020-03-30 17:22:03,626 INFO EPOCH 60 - 1501 sec ...
2020-03-30 17:22:03,626 INFO Training error = 0.042 Validation error = 0.047
2020-03-30 17:22:29,179 INFO EPOCH 61 - 1527 sec ...
2020-03-30 17:22:29,179 INFO Training error = 0.041 Validation error = 0.052
2020-03-30 17:22:53,847 INFO EPOCH 62 - 1551 sec ...
2020-03-30 17:22:53,847 INFO Training error = 0.041 Validation error = 0.049
2020-03-30 17:23:18,609 INFO EPOCH 63 - 1576 sec ...
2020-03-30 17:23:18,610 INFO Training error = 0.040 Validation error = 0.047
2020-03-30 17:23:43,418 INFO EPOCH 64 - 1601 sec ...
2020-03-30 17:23:43,419 INFO Training error = 0.040 Validation error = 0.046
2020-03-30 17:24:07,893 INFO EPOCH 65 - 1625 sec ...
2020-03-30 17:24:07,894 INFO Training error = 0.039 Validation error = 0.046
2020-03-30 17:24:32,597 INFO EPOCH 66 - 1650 sec ...
2020-03-30 17:24:32,598 INFO Training error = 0.040 Validation error = 0.046
2020-03-30 17:24:57,491 INFO EPOCH 67 - 1675 sec ...
2020-03-30 17:24:57,492 INFO Training error = 0.039 Validation error = 0.047
2020-03-30 17:25:22,798 INFO EPOCH 68 - 1700 sec ...
2020-03-30 17:25:22,798 INFO Training error = 0.040 Validation error = 0.048
2020-03-30 17:25:47,810 INFO EPOCH 69 - 1725 sec ...
2020-03-30 17:25:47,810 INFO Training error = 0.040 Validation error = 0.049
2020-03-30 17:26:13,101 INFO EPOCH 70 - 1750 sec ...
2020-03-30 17:26:13,102 INFO Training error = 0.040 Validation error = 0.052
2020-03-30 17:26:38,452 INFO EPOCH 71 - 1776 sec ...
2020-03-30 17:26:38,453 INFO Training error = 0.040 Validation error = 0.053
2020-03-30 17:27:03,621 INFO EPOCH 72 - 1801 sec ...
2020-03-30 17:27:03,621 INFO Training error = 0.039 Validation error = 0.049
2020-03-30 17:27:28,740 INFO EPOCH 73 - 1826 sec ...
2020-03-30 17:27:28,740 INFO Training error = 0.039 Validation error = 0.044
2020-03-30 17:27:55,665 INFO EPOCH 74 - 1853 sec ...
2020-03-30 17:27:55,666 INFO Training error = 0.039 Validation error = 0.046
2020-03-30 17:28:21,049 INFO EPOCH 75 - 1878 sec ...
2020-03-30 17:28:21,050 INFO Training error = 0.043 Validation error = 0.042
2020-03-30 17:28:46,420 INFO EPOCH 76 - 1904 sec ...
2020-03-30 17:28:46,421 INFO Training error = 0.040 Validation error = 0.044
2020-03-30 17:29:11,951 INFO EPOCH 77 - 1929 sec ...
2020-03-30 17:29:11,952 INFO Training error = 0.048 Validation error = 0.056
2020-03-30 17:29:37,678 INFO EPOCH 78 - 1955 sec ...
2020-03-30 17:29:37,679 INFO Training error = 0.039 Validation error = 0.047
2020-03-30 17:30:03,106 INFO EPOCH 79 - 1980 sec ...
2020-03-30 17:30:03,106 INFO Training error = 0.040 Validation error = 0.049
2020-03-30 17:30:29,387 INFO EPOCH 80 - 2007 sec ...
2020-03-30 17:30:29,387 INFO Training error = 0.040 Validation error = 0.047
2020-03-30 17:30:55,118 INFO EPOCH 81 - 2032 sec ...
2020-03-30 17:30:55,119 INFO Training error = 0.040 Validation error = 0.048
2020-03-30 17:31:20,839 INFO EPOCH 82 - 2058 sec ...
2020-03-30 17:31:20,840 INFO Training error = 0.038 Validation error = 0.042
2020-03-30 17:31:46,505 INFO EPOCH 83 - 2084 sec ...
2020-03-30 17:31:46,506 INFO Training error = 0.039 Validation error = 0.051
2020-03-30 17:32:12,080 INFO EPOCH 84 - 2109 sec ...
2020-03-30 17:32:12,081 INFO Training error = 0.038 Validation error = 0.039
2020-03-30 17:32:37,497 INFO EPOCH 85 - 2135 sec ...
2020-03-30 17:32:37,498 INFO Training error = 0.039 Validation error = 0.047
2020-03-30 17:33:04,442 INFO EPOCH 86 - 2162 sec ...
2020-03-30 17:33:04,443 INFO Training error = 0.044 Validation error = 0.052
2020-03-30 17:33:30,126 INFO EPOCH 87 - 2188 sec ...
2020-03-30 17:33:30,127 INFO Training error = 0.038 Validation error = 0.043
2020-03-30 17:33:55,594 INFO EPOCH 88 - 2213 sec ...
2020-03-30 17:33:55,595 INFO Training error = 0.039 Validation error = 0.043
2020-03-30 17:34:20,972 INFO EPOCH 89 - 2238 sec ...
2020-03-30 17:34:20,973 INFO Training error = 0.039 Validation error = 0.043
2020-03-30 17:34:46,415 INFO EPOCH 90 - 2264 sec ...
2020-03-30 17:34:46,416 INFO Training error = 0.037 Validation error = 0.041
2020-03-30 17:35:11,973 INFO EPOCH 91 - 2289 sec ...
2020-03-30 17:35:11,974 INFO Training error = 0.037 Validation error = 0.043
2020-03-30 17:35:38,203 INFO EPOCH 92 - 2316 sec ...
2020-03-30 17:35:38,203 INFO Training error = 0.037 Validation error = 0.045
2020-03-30 17:36:03,747 INFO EPOCH 93 - 2341 sec ...
2020-03-30 17:36:03,748 INFO Training error = 0.041 Validation error = 0.053
2020-03-30 17:36:29,402 INFO EPOCH 94 - 2367 sec ...
2020-03-30 17:36:29,403 INFO Training error = 0.038 Validation error = 0.049
2020-03-30 17:36:54,862 INFO EPOCH 95 - 2392 sec ...
2020-03-30 17:36:54,863 INFO Training error = 0.042 Validation error = 0.045
2020-03-30 17:37:20,565 INFO EPOCH 96 - 2418 sec ...
2020-03-30 17:37:20,566 INFO Training error = 0.040 Validation error = 0.043
2020-03-30 17:37:46,175 INFO EPOCH 97 - 2444 sec ...
2020-03-30 17:37:46,176 INFO Training error = 0.036 Validation error = 0.044
2020-03-30 17:38:12,619 INFO EPOCH 98 - 2470 sec ...
2020-03-30 17:38:12,620 INFO Training error = 0.037 Validation error = 0.046
2020-03-30 17:38:38,055 INFO EPOCH 99 - 2495 sec ...
2020-03-30 17:38:38,056 INFO Training error = 0.038 Validation error = 0.048
2020-03-30 17:39:03,562 INFO EPOCH 100 - 2521 sec ...
2020-03-30 17:39:03,562 INFO Training error = 0.036 Validation error = 0.041
2020-03-30 17:39:29,224 INFO EPOCH 101 - 2547 sec ...
2020-03-30 17:39:29,225 INFO Training error = 0.037 Validation error = 0.040
2020-03-30 17:39:54,690 INFO EPOCH 102 - 2572 sec ...
2020-03-30 17:39:54,691 INFO Training error = 0.038 Validation error = 0.047
2020-03-30 17:40:20,261 INFO EPOCH 103 - 2598 sec ...
2020-03-30 17:40:20,261 INFO Training error = 0.037 Validation error = 0.041
2020-03-30 17:40:46,639 INFO EPOCH 104 - 2624 sec ...
2020-03-30 17:40:46,640 INFO Training error = 0.039 Validation error = 0.050
2020-03-30 17:41:12,203 INFO EPOCH 105 - 2650 sec ...
2020-03-30 17:41:12,204 INFO Training error = 0.040 Validation error = 0.048
2020-03-30 17:41:37,965 INFO EPOCH 106 - 2675 sec ...
2020-03-30 17:41:37,965 INFO Training error = 0.037 Validation error = 0.046
2020-03-30 17:42:03,554 INFO EPOCH 107 - 2701 sec ...
2020-03-30 17:42:03,555 INFO Training error = 0.041 Validation error = 0.045
2020-03-30 17:42:29,105 INFO EPOCH 108 - 2726 sec ...
2020-03-30 17:42:29,105 INFO Training error = 0.038 Validation error = 0.044
2020-03-30 17:42:53,807 INFO EPOCH 109 - 2751 sec ...
2020-03-30 17:42:53,808 INFO Training error = 0.037 Validation error = 0.042
2020-03-30 17:43:20,047 INFO EPOCH 110 - 2777 sec ...
2020-03-30 17:43:20,047 INFO Training error = 0.038 Validation error = 0.044
2020-03-30 17:43:44,893 INFO EPOCH 111 - 2802 sec ...
2020-03-30 17:43:44,894 INFO Training error = 0.038 Validation error = 0.041
2020-03-30 17:44:09,519 INFO EPOCH 112 - 2827 sec ...
2020-03-30 17:44:09,520 INFO Training error = 0.038 Validation error = 0.050
2020-03-30 17:44:34,201 INFO EPOCH 113 - 2852 sec ...
2020-03-30 17:44:34,201 INFO Training error = 0.041 Validation error = 0.047
2020-03-30 17:44:59,147 INFO EPOCH 114 - 2877 sec ...
2020-03-30 17:44:59,147 INFO Training error = 0.036 Validation error = 0.040
2020-03-30 17:45:23,684 INFO EPOCH 115 - 2901 sec ...
2020-03-30 17:45:23,684 INFO Training error = 0.037 Validation error = 0.044
2020-03-30 17:45:49,200 INFO EPOCH 116 - 2927 sec ...
2020-03-30 17:45:49,201 INFO Training error = 0.037 Validation error = 0.046
2020-03-30 17:46:14,203 INFO EPOCH 117 - 2952 sec ...
2020-03-30 17:46:14,204 INFO Training error = 0.036 Validation error = 0.044
2020-03-30 17:46:38,903 INFO EPOCH 118 - 2976 sec ...
2020-03-30 17:46:38,904 INFO Training error = 0.038 Validation error = 0.043
2020-03-30 17:47:03,774 INFO EPOCH 119 - 3001 sec ...
2020-03-30 17:47:03,775 INFO Training error = 0.038 Validation error = 0.047
2020-03-30 17:47:28,828 INFO EPOCH 120 - 3026 sec ...
2020-03-30 17:47:28,829 INFO Training error = 0.039 Validation error = 0.051
2020-03-30 17:47:53,177 INFO EPOCH 121 - 3051 sec ...
2020-03-30 17:47:53,178 INFO Training error = 0.046 Validation error = 0.056
2020-03-30 17:48:18,966 INFO EPOCH 122 - 3076 sec ...
2020-03-30 17:48:18,966 INFO Training error = 0.038 Validation error = 0.042
2020-03-30 17:48:44,129 INFO EPOCH 123 - 3102 sec ...
2020-03-30 17:48:44,130 INFO Training error = 0.040 Validation error = 0.044
2020-03-30 17:49:08,803 INFO EPOCH 124 - 3126 sec ...
2020-03-30 17:49:08,804 INFO Training error = 0.037 Validation error = 0.040
2020-03-30 17:49:33,602 INFO EPOCH 125 - 3151 sec ...
2020-03-30 17:49:33,603 INFO Training error = 0.039 Validation error = 0.041
2020-03-30 17:49:58,149 INFO EPOCH 126 - 3176 sec ...
2020-03-30 17:49:58,149 INFO Training error = 0.035 Validation error = 0.044
2020-03-30 17:50:22,770 INFO EPOCH 127 - 3200 sec ...
2020-03-30 17:50:22,771 INFO Training error = 0.036 Validation error = 0.039
2020-03-30 17:50:48,103 INFO EPOCH 128 - 3225 sec ...
2020-03-30 17:50:48,103 INFO Training error = 0.037 Validation error = 0.039
2020-03-30 17:51:12,733 INFO EPOCH 129 - 3250 sec ...
2020-03-30 17:51:12,734 INFO Training error = 0.037 Validation error = 0.049
2020-03-30 17:51:37,344 INFO EPOCH 130 - 3275 sec ...
2020-03-30 17:51:37,345 INFO Training error = 0.036 Validation error = 0.039
2020-03-30 17:52:01,996 INFO EPOCH 131 - 3299 sec ...
2020-03-30 17:52:01,996 INFO Training error = 0.036 Validation error = 0.042
2020-03-30 18:00:59,357 INFO Training... dropout = 0.3 , batch_size = 128 , learning rate = 0.0005
2020-03-30 18:01:20,042 INFO Training... dropout = 0.3 , batch_size = 128 , learning rate = 0.0005
2020-03-30 18:01:45,631 INFO EPOCH 1 - 25 sec ...
2020-03-30 18:01:45,632 INFO Training error = 0.329 Validation error = 0.367
2020-03-30 18:02:12,174 INFO EPOCH 2 - 52 sec ...
2020-03-30 18:02:12,175 INFO Training error = 0.176 Validation error = 0.205
2020-03-30 18:02:37,702 INFO EPOCH 3 - 77 sec ...
2020-03-30 18:02:37,703 INFO Training error = 0.123 Validation error = 0.125
2020-03-30 18:03:03,241 INFO EPOCH 4 - 103 sec ...
2020-03-30 18:03:03,241 INFO Training error = 0.096 Validation error = 0.115
2020-03-30 18:03:29,365 INFO EPOCH 5 - 129 sec ...
2020-03-30 18:03:29,366 INFO Training error = 0.081 Validation error = 0.082
2020-03-30 18:03:55,065 INFO EPOCH 6 - 155 sec ...
2020-03-30 18:03:55,066 INFO Training error = 0.077 Validation error = 0.085
2020-03-30 18:04:19,783 INFO EPOCH 7 - 179 sec ...
2020-03-30 18:04:19,784 INFO Training error = 0.068 Validation error = 0.070
2020-03-30 18:04:44,283 INFO EPOCH 8 - 204 sec ...
2020-03-30 18:04:44,283 INFO Training error = 0.071 Validation error = 0.081
2020-03-30 18:05:09,173 INFO EPOCH 9 - 229 sec ...
2020-03-30 18:05:09,174 INFO Training error = 0.064 Validation error = 0.065
2020-03-30 18:05:34,428 INFO EPOCH 10 - 254 sec ...
2020-03-30 18:05:34,429 INFO Training error = 0.060 Validation error = 0.061
2020-03-30 18:06:00,015 INFO EPOCH 11 - 280 sec ...
2020-03-30 18:06:00,016 INFO Training error = 0.060 Validation error = 0.060
2020-03-30 18:06:25,735 INFO EPOCH 12 - 305 sec ...
2020-03-30 18:06:25,736 INFO Training error = 0.056 Validation error = 0.057
2020-03-30 18:06:51,378 INFO EPOCH 13 - 331 sec ...
2020-03-30 18:06:51,379 INFO Training error = 0.055 Validation error = 0.065
2020-03-30 18:07:17,938 INFO EPOCH 14 - 357 sec ...
2020-03-30 18:07:17,938 INFO Training error = 0.054 Validation error = 0.063
2020-03-30 18:07:43,933 INFO EPOCH 15 - 383 sec ...
2020-03-30 18:07:43,933 INFO Training error = 0.054 Validation error = 0.059
2020-03-30 18:08:09,653 INFO EPOCH 16 - 409 sec ...
2020-03-30 18:08:09,653 INFO Training error = 0.053 Validation error = 0.056
2020-03-30 18:08:35,769 INFO EPOCH 17 - 435 sec ...
2020-03-30 18:08:35,770 INFO Training error = 0.053 Validation error = 0.063
2020-03-30 18:09:01,411 INFO EPOCH 18 - 461 sec ...
2020-03-30 18:09:01,411 INFO Training error = 0.050 Validation error = 0.059
2020-03-30 18:09:26,990 INFO EPOCH 19 - 486 sec ...
2020-03-30 18:09:26,991 INFO Training error = 0.052 Validation error = 0.061
2020-03-30 18:09:52,673 INFO EPOCH 20 - 512 sec ...
2020-03-30 18:09:52,674 INFO Training error = 0.048 Validation error = 0.058
2020-03-30 18:10:17,941 INFO EPOCH 21 - 537 sec ...
2020-03-30 18:10:17,942 INFO Training error = 0.050 Validation error = 0.048
2020-03-30 18:10:42,747 INFO EPOCH 22 - 562 sec ...
2020-03-30 18:10:42,748 INFO Training error = 0.050 Validation error = 0.060
2020-03-30 18:11:07,852 INFO EPOCH 23 - 587 sec ...
2020-03-30 18:11:07,853 INFO Training error = 0.049 Validation error = 0.059
2020-03-30 18:11:32,928 INFO EPOCH 24 - 612 sec ...
2020-03-30 18:11:32,928 INFO Training error = 0.048 Validation error = 0.060
2020-03-30 18:11:58,511 INFO EPOCH 25 - 638 sec ...
2020-03-30 18:11:58,512 INFO Training error = 0.048 Validation error = 0.054
2020-03-30 18:12:24,730 INFO EPOCH 26 - 664 sec ...
2020-03-30 18:12:24,730 INFO Training error = 0.046 Validation error = 0.057
2020-03-30 18:12:51,601 INFO EPOCH 27 - 691 sec ...
2020-03-30 18:12:51,602 INFO Training error = 0.049 Validation error = 0.057
2020-03-30 18:13:17,304 INFO EPOCH 28 - 717 sec ...
2020-03-30 18:13:17,304 INFO Training error = 0.045 Validation error = 0.055
2020-03-30 18:13:43,529 INFO EPOCH 29 - 743 sec ...
2020-03-30 18:13:43,529 INFO Training error = 0.050 Validation error = 0.056
2020-03-30 18:14:09,276 INFO EPOCH 30 - 769 sec ...
2020-03-30 18:14:09,276 INFO Training error = 0.048 Validation error = 0.060
2020-03-30 18:14:34,880 INFO EPOCH 31 - 794 sec ...
2020-03-30 18:14:34,880 INFO Training error = 0.045 Validation error = 0.057
2020-03-30 18:15:00,464 INFO EPOCH 32 - 820 sec ...
2020-03-30 18:15:00,464 INFO Training error = 0.048 Validation error = 0.056
2020-03-30 18:15:26,185 INFO EPOCH 33 - 846 sec ...
2020-03-30 18:15:26,186 INFO Training error = 0.046 Validation error = 0.055
2020-03-30 18:15:52,177 INFO EPOCH 34 - 872 sec ...
2020-03-30 18:15:52,177 INFO Training error = 0.046 Validation error = 0.056
2020-03-30 18:16:17,569 INFO EPOCH 35 - 897 sec ...
2020-03-30 18:16:17,570 INFO Training error = 0.045 Validation error = 0.055
2020-03-30 18:16:42,412 INFO EPOCH 36 - 922 sec ...
2020-03-30 18:16:42,413 INFO Training error = 0.046 Validation error = 0.055
2020-03-30 18:17:06,840 INFO EPOCH 37 - 946 sec ...
2020-03-30 18:17:06,841 INFO Training error = 0.046 Validation error = 0.056
2020-03-30 18:17:31,329 INFO EPOCH 38 - 971 sec ...
2020-03-30 18:17:31,330 INFO Training error = 0.045 Validation error = 0.054
2020-03-30 18:17:58,419 INFO EPOCH 39 - 998 sec ...
2020-03-30 18:17:58,420 INFO Training error = 0.043 Validation error = 0.050
2020-03-30 18:18:24,130 INFO EPOCH 40 - 1024 sec ...
2020-03-30 18:18:24,130 INFO Training error = 0.048 Validation error = 0.064
2020-03-30 18:18:50,255 INFO EPOCH 41 - 1050 sec ...
2020-03-30 18:18:50,256 INFO Training error = 0.046 Validation error = 0.058
2020-03-30 18:19:15,910 INFO EPOCH 42 - 1075 sec ...
2020-03-30 18:19:15,911 INFO Training error = 0.044 Validation error = 0.048
2020-03-30 18:19:41,627 INFO EPOCH 43 - 1101 sec ...
2020-03-30 18:19:41,628 INFO Training error = 0.043 Validation error = 0.056
2020-03-30 18:20:07,543 INFO EPOCH 44 - 1127 sec ...
2020-03-30 18:20:07,543 INFO Training error = 0.044 Validation error = 0.056
2020-03-30 18:20:33,280 INFO EPOCH 45 - 1153 sec ...
2020-03-30 18:20:33,280 INFO Training error = 0.043 Validation error = 0.054
2020-03-30 18:20:59,262 INFO EPOCH 46 - 1179 sec ...
2020-03-30 18:20:59,263 INFO Training error = 0.042 Validation error = 0.056
2020-03-30 18:21:24,744 INFO EPOCH 47 - 1204 sec ...
2020-03-30 18:21:24,745 INFO Training error = 0.043 Validation error = 0.059
2020-03-30 18:21:50,223 INFO EPOCH 48 - 1230 sec ...
2020-03-30 18:21:50,223 INFO Training error = 0.041 Validation error = 0.051
2020-03-30 18:22:15,587 INFO EPOCH 49 - 1255 sec ...
2020-03-30 18:22:15,587 INFO Training error = 0.043 Validation error = 0.054
2020-03-30 18:22:39,721 INFO EPOCH 50 - 1279 sec ...
2020-03-30 18:22:39,722 INFO Training error = 0.041 Validation error = 0.050
2020-03-30 18:23:05,399 INFO EPOCH 51 - 1305 sec ...
2020-03-30 18:23:05,400 INFO Training error = 0.042 Validation error = 0.057
2020-03-30 18:23:30,324 INFO EPOCH 52 - 1330 sec ...
2020-03-30 18:23:30,325 INFO Training error = 0.043 Validation error = 0.059
2020-03-30 18:23:56,503 INFO EPOCH 53 - 1356 sec ...
2020-03-30 18:23:56,503 INFO Training error = 0.042 Validation error = 0.051
2020-03-30 18:24:22,085 INFO EPOCH 54 - 1382 sec ...
2020-03-30 18:24:22,086 INFO Training error = 0.049 Validation error = 0.062
2020-03-30 18:24:47,616 INFO EPOCH 55 - 1407 sec ...
2020-03-30 18:24:47,617 INFO Training error = 0.042 Validation error = 0.059
2020-03-30 18:25:13,181 INFO EPOCH 56 - 1433 sec ...
2020-03-30 18:25:13,182 INFO Training error = 0.042 Validation error = 0.054
2020-03-30 18:25:38,502 INFO EPOCH 57 - 1458 sec ...
2020-03-30 18:25:38,503 INFO Training error = 0.050 Validation error = 0.064
2020-03-30 18:26:03,576 INFO EPOCH 58 - 1483 sec ...
2020-03-30 18:26:03,577 INFO Training error = 0.043 Validation error = 0.054
2020-03-30 18:26:29,031 INFO EPOCH 59 - 1509 sec ...
2020-03-30 18:26:29,032 INFO Training error = 0.041 Validation error = 0.048
2020-03-30 18:26:54,334 INFO EPOCH 60 - 1534 sec ...
2020-03-30 18:26:54,334 INFO Training error = 0.043 Validation error = 0.054
2020-03-30 18:27:19,696 INFO EPOCH 61 - 1559 sec ...
2020-03-30 18:27:19,696 INFO Training error = 0.043 Validation error = 0.057
2020-03-30 18:27:45,025 INFO EPOCH 62 - 1585 sec ...
2020-03-30 18:27:45,026 INFO Training error = 0.041 Validation error = 0.051
2020-03-30 18:28:11,108 INFO EPOCH 63 - 1611 sec ...
2020-03-30 18:28:11,109 INFO Training error = 0.043 Validation error = 0.053
2020-03-30 18:28:34,980 INFO EPOCH 64 - 1634 sec ...
2020-03-30 18:28:34,981 INFO Training error = 0.045 Validation error = 0.057
2020-03-30 18:28:59,453 INFO EPOCH 65 - 1659 sec ...
2020-03-30 18:28:59,454 INFO Training error = 0.041 Validation error = 0.051
2020-03-30 18:29:23,754 INFO EPOCH 66 - 1683 sec ...
2020-03-30 18:29:23,754 INFO Training error = 0.043 Validation error = 0.054
2020-03-30 18:29:49,133 INFO EPOCH 67 - 1709 sec ...
2020-03-30 18:29:49,134 INFO Training error = 0.043 Validation error = 0.057
2020-03-30 18:30:14,328 INFO EPOCH 68 - 1734 sec ...
2020-03-30 18:30:14,329 INFO Training error = 0.041 Validation error = 0.059
2020-03-30 18:30:39,832 INFO EPOCH 69 - 1759 sec ...
2020-03-30 18:30:39,833 INFO Training error = 0.041 Validation error = 0.056
2020-03-30 18:31:05,031 INFO EPOCH 70 - 1785 sec ...
2020-03-30 18:31:05,032 INFO Training error = 0.042 Validation error = 0.058
2020-03-30 18:31:30,526 INFO EPOCH 71 - 1810 sec ...
2020-03-30 18:31:30,527 INFO Training error = 0.041 Validation error = 0.055
2020-03-30 18:31:56,110 INFO EPOCH 72 - 1836 sec ...
2020-03-30 18:31:56,110 INFO Training error = 0.041 Validation error = 0.053
2020-03-30 18:32:21,546 INFO EPOCH 73 - 1861 sec ...
2020-03-30 18:32:21,546 INFO Training error = 0.041 Validation error = 0.054
2020-03-30 18:32:47,250 INFO EPOCH 74 - 1887 sec ...
2020-03-30 18:32:47,251 INFO Training error = 0.041 Validation error = 0.057
2020-03-30 18:33:13,597 INFO EPOCH 75 - 1913 sec ...
2020-03-30 18:33:13,597 INFO Training error = 0.039 Validation error = 0.049
2020-03-30 18:33:39,076 INFO EPOCH 76 - 1939 sec ...
2020-03-30 18:33:39,077 INFO Training error = 0.040 Validation error = 0.055
2020-03-30 18:34:04,996 INFO EPOCH 77 - 1964 sec ...
2020-03-30 18:34:04,997 INFO Training error = 0.042 Validation error = 0.056
2020-03-30 18:34:30,041 INFO EPOCH 78 - 1990 sec ...
2020-03-30 18:34:30,041 INFO Training error = 0.039 Validation error = 0.050
2020-03-30 18:34:54,925 INFO EPOCH 79 - 2014 sec ...
2020-03-30 18:34:54,925 INFO Training error = 0.042 Validation error = 0.060
2020-03-30 18:35:19,929 INFO EPOCH 80 - 2039 sec ...
2020-03-30 18:35:19,930 INFO Training error = 0.039 Validation error = 0.053
2020-03-30 18:35:45,358 INFO EPOCH 81 - 2065 sec ...
2020-03-30 18:35:45,359 INFO Training error = 0.040 Validation error = 0.059
2020-03-30 18:36:11,080 INFO EPOCH 82 - 2091 sec ...
2020-03-30 18:36:11,081 INFO Training error = 0.041 Validation error = 0.056
2020-03-30 18:36:36,591 INFO EPOCH 83 - 2116 sec ...
2020-03-30 18:36:36,592 INFO Training error = 0.039 Validation error = 0.054
2020-03-30 18:37:02,104 INFO EPOCH 84 - 2142 sec ...
2020-03-30 18:37:02,104 INFO Training error = 0.044 Validation error = 0.061
2020-03-30 18:37:27,460 INFO EPOCH 85 - 2167 sec ...
2020-03-30 18:37:27,461 INFO Training error = 0.041 Validation error = 0.054
2020-03-30 18:37:53,087 INFO EPOCH 86 - 2193 sec ...
2020-03-30 18:37:53,087 INFO Training error = 0.040 Validation error = 0.053
2020-03-30 18:38:18,798 INFO EPOCH 87 - 2218 sec ...
2020-03-30 18:38:18,798 INFO Training error = 0.039 Validation error = 0.054
2020-03-30 18:38:44,864 INFO EPOCH 88 - 2244 sec ...
2020-03-30 18:38:44,865 INFO Training error = 0.039 Validation error = 0.053
2020-03-30 18:39:10,840 INFO EPOCH 89 - 2270 sec ...
2020-03-30 18:39:10,841 INFO Training error = 0.042 Validation error = 0.060
2020-03-30 18:39:36,510 INFO EPOCH 90 - 2296 sec ...
2020-03-30 18:39:36,510 INFO Training error = 0.039 Validation error = 0.051
2020-03-30 18:40:01,851 INFO EPOCH 91 - 2321 sec ...
2020-03-30 18:40:01,852 INFO Training error = 0.040 Validation error = 0.052
2020-03-30 18:40:27,373 INFO EPOCH 92 - 2347 sec ...
2020-03-30 18:40:27,374 INFO Training error = 0.039 Validation error = 0.050
2020-03-30 18:40:51,617 INFO EPOCH 93 - 2371 sec ...
2020-03-30 18:40:51,618 INFO Training error = 0.040 Validation error = 0.054
2020-03-30 18:41:15,943 INFO EPOCH 94 - 2395 sec ...
2020-03-30 18:41:15,943 INFO Training error = 0.043 Validation error = 0.063
2020-03-30 18:41:41,299 INFO EPOCH 95 - 2421 sec ...
2020-03-30 18:41:41,300 INFO Training error = 0.039 Validation error = 0.057
2020-03-30 18:42:06,791 INFO EPOCH 96 - 2446 sec ...
2020-03-30 18:42:06,792 INFO Training error = 0.040 Validation error = 0.052
2020-03-30 18:42:32,056 INFO EPOCH 97 - 2472 sec ...
2020-03-30 18:42:32,057 INFO Training error = 0.039 Validation error = 0.053
2020-03-30 18:42:57,303 INFO EPOCH 98 - 2497 sec ...
2020-03-30 18:42:57,303 INFO Training error = 0.040 Validation error = 0.054
2020-03-30 18:43:22,875 INFO EPOCH 99 - 2522 sec ...
2020-03-30 18:43:22,876 INFO Training error = 0.040 Validation error = 0.059
2020-03-30 18:43:49,386 INFO EPOCH 100 - 2549 sec ...
2020-03-30 18:43:49,387 INFO Training error = 0.039 Validation error = 0.054
2020-03-30 18:45:10,866 INFO Restoring parameters from ./models/lenet
2020-03-30 18:48:43,703 INFO Restoring parameters from ./models/lenet
2020-03-30 18:52:32,407 INFO Restoring parameters from ./models/lenet
2020-03-30 18:56:43,230 INFO Restoring parameters from ./models/lenet
2020-03-30 19:00:30,681 INFO Restoring parameters from ./models/lenet
2020-03-30 19:06:04,862 INFO Training... dropout = 0.3 , batch_size = 128 , learning rate = 0.0005
2020-03-30 19:06:04,862 INFO Training... dropout = 0.3 , batch_size = 128 , learning rate = 0.0005
2020-03-30 19:06:30,856 INFO EPOCH 1 - 26 sec ...
2020-03-30 19:06:30,856 INFO EPOCH 1 - 26 sec ...
2020-03-30 19:06:30,857 INFO Training error = 0.336 Validation error = 0.375
2020-03-30 19:06:30,857 INFO Training error = 0.336 Validation error = 0.375
2020-03-30 19:06:56,139 INFO EPOCH 2 - 51 sec ...
2020-03-30 19:06:56,139 INFO EPOCH 2 - 51 sec ...
2020-03-30 19:06:56,140 INFO Training error = 0.165 Validation error = 0.204
2020-03-30 19:06:56,140 INFO Training error = 0.165 Validation error = 0.204
2020-03-30 19:07:21,994 INFO EPOCH 3 - 77 sec ...
2020-03-30 19:07:21,994 INFO EPOCH 3 - 77 sec ...
2020-03-30 19:07:21,994 INFO Training error = 0.114 Validation error = 0.126
2020-03-30 19:07:21,994 INFO Training error = 0.114 Validation error = 0.126
2020-03-30 19:07:47,331 INFO EPOCH 4 - 102 sec ...
2020-03-30 19:07:47,331 INFO EPOCH 4 - 102 sec ...
2020-03-30 19:07:47,332 INFO Training error = 0.093 Validation error = 0.101
2020-03-30 19:07:47,332 INFO Training error = 0.093 Validation error = 0.101
2020-03-30 19:08:13,062 INFO EPOCH 5 - 128 sec ...
2020-03-30 19:08:13,062 INFO EPOCH 5 - 128 sec ...
2020-03-30 19:08:13,062 INFO Training error = 0.081 Validation error = 0.085
2020-03-30 19:08:13,062 INFO Training error = 0.081 Validation error = 0.085
2020-03-30 19:08:38,447 INFO EPOCH 6 - 153 sec ...
2020-03-30 19:08:38,447 INFO EPOCH 6 - 153 sec ...
2020-03-30 19:08:38,447 INFO Training error = 0.072 Validation error = 0.083
2020-03-30 19:08:38,447 INFO Training error = 0.072 Validation error = 0.083
2020-03-30 19:09:04,429 INFO EPOCH 7 - 179 sec ...
2020-03-30 19:09:04,429 INFO EPOCH 7 - 179 sec ...
2020-03-30 19:09:04,430 INFO Training error = 0.065 Validation error = 0.071
2020-03-30 19:09:04,430 INFO Training error = 0.065 Validation error = 0.071
2020-03-30 19:09:30,965 INFO EPOCH 8 - 206 sec ...
2020-03-30 19:09:30,965 INFO EPOCH 8 - 206 sec ...
2020-03-30 19:09:30,965 INFO Training error = 0.062 Validation error = 0.073
2020-03-30 19:09:30,965 INFO Training error = 0.062 Validation error = 0.073
2020-03-30 19:09:57,036 INFO EPOCH 9 - 232 sec ...
2020-03-30 19:09:57,036 INFO EPOCH 9 - 232 sec ...
2020-03-30 19:09:57,037 INFO Training error = 0.066 Validation error = 0.069
2020-03-30 19:09:57,037 INFO Training error = 0.066 Validation error = 0.069
2020-03-30 19:10:22,533 INFO EPOCH 10 - 257 sec ...
2020-03-30 19:10:22,533 INFO EPOCH 10 - 257 sec ...
2020-03-30 19:10:22,534 INFO Training error = 0.058 Validation error = 0.067
2020-03-30 19:10:22,534 INFO Training error = 0.058 Validation error = 0.067
2020-03-30 19:10:48,083 INFO EPOCH 11 - 283 sec ...
2020-03-30 19:10:48,083 INFO EPOCH 11 - 283 sec ...
2020-03-30 19:10:48,083 INFO Training error = 0.058 Validation error = 0.066
2020-03-30 19:10:48,083 INFO Training error = 0.058 Validation error = 0.066
2020-03-30 19:11:12,623 INFO EPOCH 12 - 307 sec ...
2020-03-30 19:11:12,623 INFO EPOCH 12 - 307 sec ...
2020-03-30 19:11:12,624 INFO Training error = 0.056 Validation error = 0.068
2020-03-30 19:11:12,624 INFO Training error = 0.056 Validation error = 0.068
2020-03-30 19:11:37,351 INFO EPOCH 13 - 332 sec ...
2020-03-30 19:11:37,351 INFO EPOCH 13 - 332 sec ...
2020-03-30 19:11:37,351 INFO Training error = 0.053 Validation error = 0.061
2020-03-30 19:11:37,351 INFO Training error = 0.053 Validation error = 0.061
2020-03-30 19:12:02,890 INFO EPOCH 14 - 358 sec ...
2020-03-30 19:12:02,890 INFO EPOCH 14 - 358 sec ...
2020-03-30 19:12:02,891 INFO Training error = 0.055 Validation error = 0.059
2020-03-30 19:12:02,891 INFO Training error = 0.055 Validation error = 0.059
2020-03-30 19:12:28,619 INFO EPOCH 15 - 383 sec ...
2020-03-30 19:12:28,619 INFO EPOCH 15 - 383 sec ...
2020-03-30 19:12:28,620 INFO Training error = 0.052 Validation error = 0.059
2020-03-30 19:12:28,620 INFO Training error = 0.052 Validation error = 0.059
2020-03-30 19:12:54,082 INFO EPOCH 16 - 409 sec ...
2020-03-30 19:12:54,082 INFO EPOCH 16 - 409 sec ...
2020-03-30 19:12:54,083 INFO Training error = 0.052 Validation error = 0.057
2020-03-30 19:12:54,083 INFO Training error = 0.052 Validation error = 0.057
2020-03-30 19:13:20,000 INFO EPOCH 17 - 435 sec ...
2020-03-30 19:13:20,000 INFO EPOCH 17 - 435 sec ...
2020-03-30 19:13:20,001 INFO Training error = 0.051 Validation error = 0.057
2020-03-30 19:13:20,001 INFO Training error = 0.051 Validation error = 0.057
2020-03-30 19:13:45,565 INFO EPOCH 18 - 460 sec ...
2020-03-30 19:13:45,565 INFO EPOCH 18 - 460 sec ...
2020-03-30 19:13:45,565 INFO Training error = 0.051 Validation error = 0.058
2020-03-30 19:13:45,565 INFO Training error = 0.051 Validation error = 0.058
2020-03-30 19:14:11,369 INFO EPOCH 19 - 486 sec ...
2020-03-30 19:14:11,369 INFO EPOCH 19 - 486 sec ...
2020-03-30 19:14:11,370 INFO Training error = 0.049 Validation error = 0.055
2020-03-30 19:14:11,370 INFO Training error = 0.049 Validation error = 0.055
2020-03-30 19:14:37,583 INFO EPOCH 20 - 512 sec ...
2020-03-30 19:14:37,583 INFO EPOCH 20 - 512 sec ...
2020-03-30 19:14:37,583 INFO Training error = 0.047 Validation error = 0.055
2020-03-30 19:14:37,583 INFO Training error = 0.047 Validation error = 0.055
2020-03-30 19:15:04,111 INFO EPOCH 21 - 539 sec ...
2020-03-30 19:15:04,111 INFO EPOCH 21 - 539 sec ...
2020-03-30 19:15:04,112 INFO Training error = 0.048 Validation error = 0.058
2020-03-30 19:15:04,112 INFO Training error = 0.048 Validation error = 0.058
2020-03-30 19:15:29,496 INFO EPOCH 22 - 564 sec ...
2020-03-30 19:15:29,496 INFO EPOCH 22 - 564 sec ...
2020-03-30 19:15:29,497 INFO Training error = 0.046 Validation error = 0.051
2020-03-30 19:15:29,497 INFO Training error = 0.046 Validation error = 0.051
2020-03-30 19:15:55,631 INFO EPOCH 23 - 590 sec ...
2020-03-30 19:15:55,631 INFO EPOCH 23 - 590 sec ...
2020-03-30 19:15:55,632 INFO Training error = 0.051 Validation error = 0.056
2020-03-30 19:15:55,632 INFO Training error = 0.051 Validation error = 0.056
2020-03-30 19:16:21,209 INFO EPOCH 24 - 616 sec ...
2020-03-30 19:16:21,209 INFO EPOCH 24 - 616 sec ...
2020-03-30 19:16:21,209 INFO Training error = 0.050 Validation error = 0.055
2020-03-30 19:16:21,209 INFO Training error = 0.050 Validation error = 0.055
2020-03-30 19:16:46,702 INFO EPOCH 25 - 641 sec ...
2020-03-30 19:16:46,702 INFO EPOCH 25 - 641 sec ...
2020-03-30 19:16:46,702 INFO Training error = 0.050 Validation error = 0.059
2020-03-30 19:16:46,702 INFO Training error = 0.050 Validation error = 0.059
2020-03-30 19:17:11,487 INFO EPOCH 26 - 666 sec ...
2020-03-30 19:17:11,487 INFO EPOCH 26 - 666 sec ...
2020-03-30 19:17:11,487 INFO Training error = 0.045 Validation error = 0.060
2020-03-30 19:17:11,487 INFO Training error = 0.045 Validation error = 0.060
2020-03-30 19:17:36,740 INFO EPOCH 27 - 692 sec ...
2020-03-30 19:17:36,740 INFO EPOCH 27 - 692 sec ...
2020-03-30 19:17:36,740 INFO Training error = 0.049 Validation error = 0.056
2020-03-30 19:17:36,740 INFO Training error = 0.049 Validation error = 0.056
2020-03-30 19:18:02,117 INFO EPOCH 28 - 717 sec ...
2020-03-30 19:18:02,117 INFO EPOCH 28 - 717 sec ...
2020-03-30 19:18:02,118 INFO Training error = 0.045 Validation error = 0.054
2020-03-30 19:18:02,118 INFO Training error = 0.045 Validation error = 0.054
2020-03-30 19:18:28,290 INFO EPOCH 29 - 743 sec ...
2020-03-30 19:18:28,290 INFO EPOCH 29 - 743 sec ...
2020-03-30 19:18:28,290 INFO Training error = 0.047 Validation error = 0.054
2020-03-30 19:18:28,290 INFO Training error = 0.047 Validation error = 0.054
2020-03-30 19:18:53,968 INFO EPOCH 30 - 769 sec ...
2020-03-30 19:18:53,968 INFO EPOCH 30 - 769 sec ...
2020-03-30 19:18:53,969 INFO Training error = 0.049 Validation error = 0.056
2020-03-30 19:18:53,969 INFO Training error = 0.049 Validation error = 0.056
2020-03-30 19:19:19,715 INFO EPOCH 31 - 794 sec ...
2020-03-30 19:19:19,715 INFO EPOCH 31 - 794 sec ...
2020-03-30 19:19:19,716 INFO Training error = 0.043 Validation error = 0.044
2020-03-30 19:19:19,716 INFO Training error = 0.043 Validation error = 0.044
2020-03-30 19:19:45,505 INFO EPOCH 32 - 820 sec ...
2020-03-30 19:19:45,505 INFO EPOCH 32 - 820 sec ...
2020-03-30 19:19:45,506 INFO Training error = 0.046 Validation error = 0.061
2020-03-30 19:19:45,506 INFO Training error = 0.046 Validation error = 0.061
2020-03-30 19:20:11,878 INFO EPOCH 33 - 847 sec ...
2020-03-30 19:20:11,878 INFO EPOCH 33 - 847 sec ...
2020-03-30 19:20:11,878 INFO Training error = 0.045 Validation error = 0.057
2020-03-30 19:20:11,878 INFO Training error = 0.045 Validation error = 0.057
2020-03-30 19:20:37,236 INFO EPOCH 34 - 872 sec ...
2020-03-30 19:20:37,236 INFO EPOCH 34 - 872 sec ...
2020-03-30 19:20:37,237 INFO Training error = 0.046 Validation error = 0.056
2020-03-30 19:20:37,237 INFO Training error = 0.046 Validation error = 0.056
2020-03-30 19:21:03,281 INFO EPOCH 35 - 898 sec ...
2020-03-30 19:21:03,281 INFO EPOCH 35 - 898 sec ...
2020-03-30 19:21:03,281 INFO Training error = 0.042 Validation error = 0.051
2020-03-30 19:21:03,281 INFO Training error = 0.042 Validation error = 0.051
2020-03-30 19:21:28,582 INFO EPOCH 36 - 923 sec ...
2020-03-30 19:21:28,582 INFO EPOCH 36 - 923 sec ...
2020-03-30 19:21:28,583 INFO Training error = 0.043 Validation error = 0.054
2020-03-30 19:21:28,583 INFO Training error = 0.043 Validation error = 0.054
2020-03-30 19:21:54,446 INFO EPOCH 37 - 949 sec ...
2020-03-30 19:21:54,446 INFO EPOCH 37 - 949 sec ...
2020-03-30 19:21:54,447 INFO Training error = 0.042 Validation error = 0.054
2020-03-30 19:21:54,447 INFO Training error = 0.042 Validation error = 0.054
2020-03-30 19:22:20,006 INFO EPOCH 38 - 975 sec ...
2020-03-30 19:22:20,006 INFO EPOCH 38 - 975 sec ...
2020-03-30 19:22:20,006 INFO Training error = 0.045 Validation error = 0.060
2020-03-30 19:22:20,006 INFO Training error = 0.045 Validation error = 0.060
2020-03-30 19:22:45,414 INFO EPOCH 39 - 1000 sec ...
2020-03-30 19:22:45,414 INFO EPOCH 39 - 1000 sec ...
2020-03-30 19:22:45,415 INFO Training error = 0.043 Validation error = 0.052
2020-03-30 19:22:45,415 INFO Training error = 0.043 Validation error = 0.052
2020-03-30 19:23:09,525 INFO EPOCH 40 - 1024 sec ...
2020-03-30 19:23:09,525 INFO EPOCH 40 - 1024 sec ...
2020-03-30 19:23:09,526 INFO Training error = 0.044 Validation error = 0.059
2020-03-30 19:23:09,526 INFO Training error = 0.044 Validation error = 0.059
2020-03-30 19:23:34,450 INFO EPOCH 41 - 1049 sec ...
2020-03-30 19:23:34,450 INFO EPOCH 41 - 1049 sec ...
2020-03-30 19:23:34,450 INFO Training error = 0.042 Validation error = 0.054
2020-03-30 19:23:34,450 INFO Training error = 0.042 Validation error = 0.054
2020-03-30 19:23:59,843 INFO EPOCH 42 - 1075 sec ...
2020-03-30 19:23:59,843 INFO EPOCH 42 - 1075 sec ...
2020-03-30 19:23:59,843 INFO Training error = 0.042 Validation error = 0.051
2020-03-30 19:23:59,843 INFO Training error = 0.042 Validation error = 0.051
2020-03-30 19:24:25,524 INFO EPOCH 43 - 1100 sec ...
2020-03-30 19:24:25,524 INFO EPOCH 43 - 1100 sec ...
2020-03-30 19:24:25,525 INFO Training error = 0.044 Validation error = 0.052
2020-03-30 19:24:25,525 INFO Training error = 0.044 Validation error = 0.052
2020-03-30 19:24:51,059 INFO EPOCH 44 - 1126 sec ...
2020-03-30 19:24:51,059 INFO EPOCH 44 - 1126 sec ...
2020-03-30 19:24:51,060 INFO Training error = 0.043 Validation error = 0.054
2020-03-30 19:24:51,060 INFO Training error = 0.043 Validation error = 0.054
2020-03-30 19:25:18,025 INFO EPOCH 45 - 1153 sec ...
2020-03-30 19:25:18,025 INFO EPOCH 45 - 1153 sec ...
2020-03-30 19:25:18,025 INFO Training error = 0.044 Validation error = 0.051
2020-03-30 19:25:18,025 INFO Training error = 0.044 Validation error = 0.051
2020-03-30 19:25:43,297 INFO EPOCH 46 - 1178 sec ...
2020-03-30 19:25:43,297 INFO EPOCH 46 - 1178 sec ...
2020-03-30 19:25:43,297 INFO Training error = 0.045 Validation error = 0.058
2020-03-30 19:25:43,297 INFO Training error = 0.045 Validation error = 0.058
2020-03-30 19:26:09,058 INFO EPOCH 47 - 1204 sec ...
2020-03-30 19:26:09,058 INFO EPOCH 47 - 1204 sec ...
2020-03-30 19:26:09,059 INFO Training error = 0.043 Validation error = 0.063
2020-03-30 19:26:09,059 INFO Training error = 0.043 Validation error = 0.063
2020-03-30 19:26:34,258 INFO EPOCH 48 - 1229 sec ...
2020-03-30 19:26:34,258 INFO EPOCH 48 - 1229 sec ...
2020-03-30 19:26:34,259 INFO Training error = 0.042 Validation error = 0.056
2020-03-30 19:26:34,259 INFO Training error = 0.042 Validation error = 0.056
2020-03-30 19:26:59,999 INFO EPOCH 49 - 1255 sec ...
2020-03-30 19:26:59,999 INFO EPOCH 49 - 1255 sec ...
2020-03-30 19:26:59,999 INFO Training error = 0.040 Validation error = 0.056
2020-03-30 19:26:59,999 INFO Training error = 0.040 Validation error = 0.056
2020-03-30 19:27:25,716 INFO EPOCH 50 - 1280 sec ...
2020-03-30 19:27:25,716 INFO EPOCH 50 - 1280 sec ...
2020-03-30 19:27:25,717 INFO Training error = 0.041 Validation error = 0.053
2020-03-30 19:27:25,717 INFO Training error = 0.041 Validation error = 0.053
2020-03-30 19:27:51,732 INFO EPOCH 51 - 1307 sec ...
2020-03-30 19:27:51,732 INFO EPOCH 51 - 1307 sec ...
2020-03-30 19:27:51,733 INFO Training error = 0.041 Validation error = 0.054
2020-03-30 19:27:51,733 INFO Training error = 0.041 Validation error = 0.054
2020-03-30 19:28:16,795 INFO EPOCH 52 - 1332 sec ...
2020-03-30 19:28:16,795 INFO EPOCH 52 - 1332 sec ...
2020-03-30 19:28:16,796 INFO Training error = 0.044 Validation error = 0.054
2020-03-30 19:28:16,796 INFO Training error = 0.044 Validation error = 0.054
2020-03-30 19:28:41,942 INFO EPOCH 53 - 1357 sec ...
2020-03-30 19:28:41,942 INFO EPOCH 53 - 1357 sec ...
2020-03-30 19:28:41,943 INFO Training error = 0.043 Validation error = 0.051
2020-03-30 19:28:41,943 INFO Training error = 0.043 Validation error = 0.051
2020-03-30 19:29:06,117 INFO EPOCH 54 - 1381 sec ...
2020-03-30 19:29:06,117 INFO EPOCH 54 - 1381 sec ...
2020-03-30 19:29:06,118 INFO Training error = 0.041 Validation error = 0.052
2020-03-30 19:29:06,118 INFO Training error = 0.041 Validation error = 0.052
2020-03-30 19:29:30,470 INFO EPOCH 55 - 1405 sec ...
2020-03-30 19:29:30,470 INFO EPOCH 55 - 1405 sec ...
2020-03-30 19:29:30,470 INFO Training error = 0.040 Validation error = 0.048
2020-03-30 19:29:30,470 INFO Training error = 0.040 Validation error = 0.048
2020-03-30 19:29:54,949 INFO EPOCH 56 - 1430 sec ...
2020-03-30 19:29:54,949 INFO EPOCH 56 - 1430 sec ...
2020-03-30 19:29:54,949 INFO Training error = 0.041 Validation error = 0.054
2020-03-30 19:29:54,949 INFO Training error = 0.041 Validation error = 0.054
2020-03-30 19:30:21,278 INFO EPOCH 57 - 1456 sec ...
2020-03-30 19:30:21,278 INFO EPOCH 57 - 1456 sec ...
2020-03-30 19:30:21,279 INFO Training error = 0.043 Validation error = 0.051
2020-03-30 19:30:21,279 INFO Training error = 0.043 Validation error = 0.051
2020-03-30 19:30:46,457 INFO EPOCH 58 - 1481 sec ...
2020-03-30 19:30:46,457 INFO EPOCH 58 - 1481 sec ...
2020-03-30 19:30:46,458 INFO Training error = 0.042 Validation error = 0.058
2020-03-30 19:30:46,458 INFO Training error = 0.042 Validation error = 0.058
2020-03-30 19:31:12,254 INFO EPOCH 59 - 1507 sec ...
2020-03-30 19:31:12,254 INFO EPOCH 59 - 1507 sec ...
2020-03-30 19:31:12,255 INFO Training error = 0.038 Validation error = 0.046
2020-03-30 19:31:12,255 INFO Training error = 0.038 Validation error = 0.046
2020-03-30 19:31:37,437 INFO EPOCH 60 - 1532 sec ...
2020-03-30 19:31:37,437 INFO EPOCH 60 - 1532 sec ...
2020-03-30 19:31:37,437 INFO Training error = 0.041 Validation error = 0.047
2020-03-30 19:31:37,437 INFO Training error = 0.041 Validation error = 0.047
2020-03-30 19:33:39,910 INFO Restoring parameters from ./models/lenet
2020-03-30 19:33:39,910 INFO Restoring parameters from ./models/lenet
2020-03-30 19:34:05,278 INFO Restoring parameters from ./models/lenet
2020-03-30 19:34:05,278 INFO Restoring parameters from ./models/lenet
